# JRE version: Java(TM) SE Runtime Environment (8.0_45-b15) (build 1.8.0_45-b15)
# Java VM: Java HotSpot(TM) 64-Bit Server VM (25.45-b02 mixed mode windows-amd64 compressed oops)
Heap:
 PSYoungGen      total 188928K, used 176287K [0x0000000740e00000, 0x0000000757e80000, 0x00000007c0000000)
  eden space 181760K, 93% used [0x0000000740e00000,0x000000074b32bd30,0x000000074bf80000)
  from space 7168K, 99% used [0x0000000757780000,0x0000000757e7c0f0,0x0000000757e80000)
  to   space 9216K, 0% used [0x0000000756c80000,0x0000000756c80000,0x0000000757580000)
 ParOldGen       total 258048K, used 33597K [0x0000000642a00000, 0x0000000652600000, 0x0000000740e00000)
  object space 258048K, 13% used [0x0000000642a00000,0x0000000644acf538,0x0000000652600000)
 Metaspace       used 68148K, capacity 69198K, committed 69720K, reserved 1110016K
  class space    used 8174K, capacity 8410K, committed 8576K, reserved 1048576K
GC Heap History (10 events):
Event: 9732.552 GC heap before
{Heap before GC invocations=55 (full 4):
 PSYoungGen      total 184320K, used 184273K [0x0000000740e00000, 0x0000000758580000, 0x00000007c0000000)
  eden space 183808K, 100% used [0x0000000740e00000,0x000000074c180000,0x000000074c180000)
  from space 512K, 90% used [0x0000000758500000,0x0000000758574690,0x0000000758580000)
  to   space 8704K, 0% used [0x0000000757480000,0x0000000757480000,0x0000000757d00000)
 ParOldGen       total 258048K, used 45892K [0x0000000642a00000, 0x0000000652600000, 0x0000000740e00000)
  object space 258048K, 17% used [0x0000000642a00000,0x00000006456d13f8,0x0000000652600000)
 Metaspace       used 67312K, capacity 68468K, committed 68568K, reserved 1110016K
  class space    used 8139K, capacity 8396K, committed 8448K, reserved 1048576K
Event: 9732.562 GC heap after
Heap after GC invocations=55 (full 4):
 PSYoungGen      total 188416K, used 753K [0x0000000740e00000, 0x0000000758580000, 0x00000007c0000000)
  eden space 179712K, 0% used [0x0000000740e00000,0x0000000740e00000,0x000000074bd80000)
  from space 8704K, 8% used [0x0000000757480000,0x000000075753c690,0x0000000757d00000)
  to   space 7680K, 0% used [0x0000000757e00000,0x0000000757e00000,0x0000000758580000)
 ParOldGen       total 258048K, used 45900K [0x0000000642a00000, 0x0000000652600000, 0x0000000740e00000)
  object space 258048K, 17% used [0x0000000642a00000,0x00000006456d33f8,0x0000000652600000)
 Metaspace       used 67312K, capacity 68468K, committed 68568K, reserved 1110016K
  class space    used 8139K, capacity 8396K, committed 8448K, reserved 1048576K
}
Event: 9858.879 GC heap before
{Heap before GC invocations=56 (full 4):
 PSYoungGen      total 188416K, used 180465K [0x0000000740e00000, 0x0000000758580000, 0x00000007c0000000)
  eden space 179712K, 100% used [0x0000000740e00000,0x000000074bd80000,0x000000074bd80000)
  from space 8704K, 8% used [0x0000000757480000,0x000000075753c690,0x0000000757d00000)
  to   space 7680K, 0% used [0x0000000757e00000,0x0000000757e00000,0x0000000758580000)
 ParOldGen       total 258048K, used 45900K [0x0000000642a00000, 0x0000000652600000, 0x0000000740e00000)
  object space 258048K, 17% used [0x0000000642a00000,0x00000006456d33f8,0x0000000652600000)
 Metaspace       used 67312K, capacity 68468K, committed 68568K, reserved 1110016K
  class space    used 8139K, capacity 8396K, committed 8448K, reserved 1048576K
Event: 9858.882 GC heap after
Heap after GC invocations=56 (full 4):
 PSYoungGen      total 176640K, used 576K [0x0000000740e00000, 0x0000000757f00000, 0x00000007c0000000)
  eden space 175616K, 0% used [0x0000000740e00000,0x0000000740e00000,0x000000074b980000)
  from space 1024K, 56% used [0x0000000757e00000,0x0000000757e90000,0x0000000757f00000)
  to   space 7680K, 0% used [0x0000000757000000,0x0000000757000000,0x0000000757780000)
 ParOldGen       total 258048K, used 45900K [0x0000000642a00000, 0x0000000652600000, 0x0000000740e00000)
  object space 258048K, 17% used [0x0000000642a00000,0x00000006456d33f8,0x0000000652600000)
 Metaspace       used 67312K, capacity 68468K, committed 68568K, reserved 1110016K
  class space    used 8139K, capacity 8396K, committed 8448K, reserved 1048576K
}
Event: 9967.654 GC heap before
{Heap before GC invocations=57 (full 4):
 PSYoungGen      total 176640K, used 158851K [0x0000000740e00000, 0x0000000757f00000, 0x00000007c0000000)
  eden space 175616K, 90% used [0x0000000740e00000,0x000000074a890e48,0x000000074b980000)
  from space 1024K, 56% used [0x0000000757e00000,0x0000000757e90000,0x0000000757f00000)
  to   space 7680K, 0% used [0x0000000757000000,0x0000000757000000,0x0000000757780000)
 ParOldGen       total 258048K, used 45900K [0x0000000642a00000, 0x0000000652600000, 0x0000000740e00000)
  object space 258048K, 17% used [0x0000000642a00000,0x00000006456d33f8,0x0000000652600000)
 Metaspace       used 67384K, capacity 68602K, committed 68824K, reserved 1110016K
  class space    used 8150K, capacity 8398K, committed 8448K, reserved 1048576K
Event: 9967.658 GC heap after
Heap after GC invocations=57 (full 4):
 PSYoungGen      total 183296K, used 704K [0x0000000740e00000, 0x0000000757e80000, 0x00000007c0000000)
  eden space 175616K, 0% used [0x0000000740e00000,0x0000000740e00000,0x000000074b980000)
  from space 7680K, 9% used [0x0000000757000000,0x00000007570b0000,0x0000000757780000)
  to   space 7168K, 0% used [0x0000000757780000,0x0000000757780000,0x0000000757e80000)
 ParOldGen       total 258048K, used 45900K [0x0000000642a00000, 0x0000000652600000, 0x0000000740e00000)
  object space 258048K, 17% used [0x0000000642a00000,0x00000006456d33f8,0x0000000652600000)
 Metaspace       used 67384K, capacity 68602K, committed 68824K, reserved 1110016K
  class space    used 8150K, capacity 8398K, committed 8448K, reserved 1048576K
}
Event: 9967.658 GC heap before
{Heap before GC invocations=58 (full 5):
 PSYoungGen      total 183296K, used 704K [0x0000000740e00000, 0x0000000757e80000, 0x00000007c0000000)
  eden space 175616K, 0% used [0x0000000740e00000,0x0000000740e00000,0x000000074b980000)
  from space 7680K, 9% used [0x0000000757000000,0x00000007570b0000,0x0000000757780000)
  to   space 7168K, 0% used [0x0000000757780000,0x0000000757780000,0x0000000757e80000)
 ParOldGen       total 258048K, used 45900K [0x0000000642a00000, 0x0000000652600000, 0x0000000740e00000)
  object space 258048K, 17% used [0x0000000642a00000,0x00000006456d33f8,0x0000000652600000)
 Metaspace       used 67384K, capacity 68602K, committed 68824K, reserved 1110016K
  class space    used 8150K, capacity 8398K, committed 8448K, reserved 1048576K
Event: 9968.019 GC heap after
Heap after GC invocations=58 (full 5):
 PSYoungGen      total 183296K, used 0K [0x0000000740e00000, 0x0000000757e80000, 0x00000007c0000000)
  eden space 175616K, 0% used [0x0000000740e00000,0x0000000740e00000,0x000000074b980000)
  from space 7680K, 0% used [0x0000000757000000,0x0000000757000000,0x0000000757780000)
  to   space 7168K, 0% used [0x0000000757780000,0x0000000757780000,0x0000000757e80000)
 ParOldGen       total 258048K, used 31787K [0x0000000642a00000, 0x0000000652600000, 0x0000000740e00000)
  object space 258048K, 12% used [0x0000000642a00000,0x000000064490af50,0x0000000652600000)
 Metaspace       used 67038K, capacity 68020K, committed 68824K, reserved 1110016K
  class space    used 8093K, capacity 8295K, committed 8448K, reserved 1048576K
}
Event: 9969.884 GC heap before
{Heap before GC invocations=59 (full 5):
 PSYoungGen      total 183296K, used 175616K [0x0000000740e00000, 0x0000000757e80000, 0x00000007c0000000)
  eden space 175616K, 100% used [0x0000000740e00000,0x000000074b980000,0x000000074b980000)
  from space 7680K, 0% used [0x0000000757000000,0x0000000757000000,0x0000000757780000)
  to   space 7168K, 0% used [0x0000000757780000,0x0000000757780000,0x0000000757e80000)
 ParOldGen       total 258048K, used 31787K [0x0000000642a00000, 0x0000000652600000, 0x0000000740e00000)
  object space 258048K, 12% used [0x0000000642a00000,0x000000064490af50,0x0000000652600000)
 Metaspace       used 67619K, capacity 68638K, committed 69336K, reserved 1110016K
  class space    used 8139K, capacity 8354K, committed 8448K, reserved 1048576K
Event: 9969.900 GC heap after
Heap after GC invocations=59 (full 5):
 PSYoungGen      total 188928K, used 7152K [0x0000000740e00000, 0x0000000757e80000, 0x00000007c0000000)
  eden space 181760K, 0% used [0x0000000740e00000,0x0000000740e00000,0x000000074bf80000)
  from space 7168K, 99% used [0x0000000757780000,0x0000000757e7c0f0,0x0000000757e80000)
  to   space 9216K, 0% used [0x0000000756c80000,0x0000000756c80000,0x0000000757580000)
 ParOldGen       total 258048K, used 33597K [0x0000000642a00000, 0x0000000652600000, 0x0000000740e00000)
  object space 258048K, 13% used [0x0000000642a00000,0x0000000644acf538,0x0000000652600000)
 Metaspace       used 67619K, capacity 68638K, committed 69336K, reserved 1110016K
  class space    used 8139K, capacity 8354K, committed 8448K, reserved 1048576K
}

